OK: modules.tools.adapter_base
OK: modules.tools.adapters
OK: modules.tools.amass_adapter
OK: modules.tools.arachni_adapter
OK: modules.tools.boofuzz_adapter
OK: modules.tools.certspotter_adapter
OK: modules.tools.commix_adapter
OK: modules.tools.create_proof
OK: modules.tools.crtsh_adapter
OK: modules.tools.dalfox_adapter
OK: modules.tools.dirb_adapter
OK: modules.tools.enum4linux_adapter
OK: modules.tools.ffuf_adapter
OK: modules.tools.gitleaks_adapter
OK: modules.tools.gitrob_adapter
OK: modules.tools.gobuster_adapter
OK: modules.tools.graphql-fuzzer_adapter
OK: modules.tools.hashcat_adapter
OK: modules.tools.httprobe_adapter
OK: modules.tools.hydra_adapter
OK: modules.tools.john_adapter
OK: modules.tools.manager
OK: modules.tools.masscan_adapter
OK: modules.tools.medusa_adapter
OK: modules.tools.msfconsole_adapter
OK: modules.tools.newman_adapter
OK: modules.tools.nikto_adapter
OK: modules.tools.nmap_adapter
OK: modules.tools.nuclei_adapter
OK: modules.tools.radamsa_adapter
OK: modules.tools.searchsploit_adapter
OK: modules.tools.smbclient_adapter
OK: modules.tools.smtp-user-enum_adapter
OK: modules.tools.sqlmap_adapter
OK: modules.tools.sslyze_adapter
OK: modules.tools.subfinder_adapter
OK: modules.tools.trufflehog_adapter
OK: modules.tools.unicornscan_adapter
OK: modules.tools.w3af_adapter
OK: modules.tools.wapiti_adapter
OK: modules.tools.wappalyzer_adapter
OK: modules.tools.wfuzz_adapter
OK: modules.tools.whatweb_adapter
OK: modules.tools.wpscan_adapter
OK: modules.tools.xsstrike_adapter
OK: modules.tools.zmap_adapter
OK: modules.tools.adapters.sqlmap_adapter
OK: modules.parsers.amass_parser
OK: modules.parsers.arachni_parser
OK: modules.parsers.boofuzz_parser
OK: modules.parsers.certspotter_parser
OK: modules.parsers.commix_parser
OK: modules.parsers.crtsh_parser
OK: modules.parsers.dalfox_parser
OK: modules.parsers.dirb_parser
OK: modules.parsers.enum4linux_parser
OK: modules.parsers.ffuf_parser
OK: modules.parsers.gitleaks_parser
OK: modules.parsers.gitrob_parser
OK: modules.parsers.gobuster_parser
OK: modules.parsers.graphql_fuzzer_parser
OK: modules.parsers.hashcat_parser
OK: modules.parsers.httprobe_parser
OK: modules.parsers.hydra_parser
OK: modules.parsers.john_parser
OK: modules.parsers.masscan_parser
OK: modules.parsers.medusa_parser
OK: modules.parsers.msfconsole_parser
OK: modules.parsers.newman_parser
OK: modules.parsers.nikto_parser
OK: modules.parsers.nmap_parser
OK: modules.parsers.nuclei_parser
OK: modules.parsers.radamsa_parser
OK: modules.parsers.searchsploit_parser
OK: modules.parsers.smbclient_parser
OK: modules.parsers.smtp_user_enum_parser
OK: modules.parsers.sqlmap_parser
OK: modules.parsers.sslyze_parser
OK: modules.parsers.subfinder_parser
OK: modules.parsers.trufflehog_parser
OK: modules.parsers.unicornscan_parser
OK: modules.parsers.w3af_parser
OK: modules.parsers.wapiti_parser
OK: modules.parsers.wappalyzer_parser
OK: modules.parsers.wfuzz_parser
OK: modules.parsers.whatweb_parser
OK: modules.parsers.wpscan_parser
OK: modules.parsers.xsstrike_parser
OK: modules.parsers.zmap_parser
Finished import check. failures: 0
